<?xml version="1.0" encoding="UTF-8"?>
<testsuite xmlns:xsi="http://www.w3.org/2001/XMLSchema-instance" xsi:noNamespaceSchemaLocation="https://maven.apache.org/surefire/maven-surefire-plugin/xsd/surefire-test-report-3.0.xsd" version="3.0" name="in.ineuron.nitin.test.TestBankLoanService" time="20.097" tests="3" errors="0" skipped="0" failures="0">
  <properties>
[...]
</properties>
  <testcase name="testCalcSimpleInterestWithSmallNumbers" classname="in.ineuron.nitin.test.TestBankLoanService" time="10.034">
    <system-out><![CDATA[***************TestBankLoanService.setUp()***********


BankLoanService:: ZERO PARAM CONSTRUCTOR


TestBankLoanService.testCalcSimpleInterestWithSmallNumbers()
BankLoanService.calculateSimpleInterest()
]]></system-out>
  </testcase>
  <testcase name="testCalcSimpleInteresetWithTimer" classname="in.ineuron.nitin.test.TestBankLoanService" time="10.008">
    <system-out><![CDATA[
TestBankLoanService.testCalcSimpleInteresetWithTimer()
BankLoanService.calculateSimpleInterest()
]]></system-out>
  </testcase>
  <testcase name="testCalcSimpleInterestWithInvalidInputs" classname="in.ineuron.nitin.test.TestBankLoanService" time="0.005">
    <system-out><![CDATA[
TestBankLoanService.testCalcSimpleInterestWithInvalidInputs()
BankLoanService.calculateSimpleInterest()
]]></system-out>
  </testcase>
</testsuite>