<?xml version="1.0" encoding="UTF-8"?>
<testsuite xmlns:xsi="http://www.w3.org/2001/XMLSchema-instance" xsi:noNamespaceSchemaLocation="https://maven.apache.org/surefire/maven-surefire-plugin/xsd/surefire-test-report-3.0.xsd" version="3.0" name="in.ineuron.nitin.test.TestBankLoanService" time="10.096" tests="1" errors="0" skipped="0" failures="0">
  <properties>
[...]
</properties>
  <testcase name="testCalcSimpleInterestWithBigNumbers(TestInfo)" classname="in.ineuron.nitin.test.TestBankLoanService" time="10.037">
    <system-out><![CDATA[***************TestBankLoanService.setUp()***********


BankLoanService:: ZERO PARAM CONSTRUCTOR

TestBankLoanService.testCalcSimpleInterestWithBigNumbers()class org.junit.jupiter.engine.extension.TestInfoParameterResolver$DefaultTestInfo [uat] Testing with Big Numbers class java.util.Optional
BankLoanService.calculateSimpleInterest()
]]></system-out>
  </testcase>
</testsuite>